Nov 05, 2016 2:39:44 PM org.apache.catalina.startup.VersionLoggerListener log
INFO: Server version:        Apache Tomcat/7.0.72
Nov 05, 2016 2:39:44 PM org.apache.catalina.startup.VersionLoggerListener log
INFO: Server built:          Sep 14 2016 12:12:26 UTC
Nov 05, 2016 2:39:44 PM org.apache.catalina.startup.VersionLoggerListener log
INFO: Server number:         7.0.72.0
Nov 05, 2016 2:39:44 PM org.apache.catalina.startup.VersionLoggerListener log
INFO: OS Name:               Linux
Nov 05, 2016 2:39:44 PM org.apache.catalina.startup.VersionLoggerListener log
INFO: OS Version:            4.4.0-45-generic
Nov 05, 2016 2:39:44 PM org.apache.catalina.startup.VersionLoggerListener log
INFO: Architecture:          amd64
Nov 05, 2016 2:39:44 PM org.apache.catalina.startup.VersionLoggerListener log
INFO: Java Home:             /usr/lib/jvm/java-8-oracle/jre
Nov 05, 2016 2:39:44 PM org.apache.catalina.startup.VersionLoggerListener log
INFO: JVM Version:           1.8.0_91-b14
Nov 05, 2016 2:39:44 PM org.apache.catalina.startup.VersionLoggerListener log
INFO: JVM Vendor:            Oracle Corporation
Nov 05, 2016 2:39:44 PM org.apache.catalina.startup.VersionLoggerListener log
INFO: CATALINA_BASE:         /home/aaron/Downloads/cs390JAVA/tomcat7
Nov 05, 2016 2:39:44 PM org.apache.catalina.startup.VersionLoggerListener log
INFO: CATALINA_HOME:         /home/aaron/Downloads/cs390JAVA/tomcat7
Nov 05, 2016 2:39:44 PM org.apache.catalina.startup.VersionLoggerListener log
INFO: Command line argument: -Djava.util.logging.config.file=/home/aaron/Downloads/cs390JAVA/tomcat7/conf/logging.properties
Nov 05, 2016 2:39:44 PM org.apache.catalina.startup.VersionLoggerListener log
INFO: Command line argument: -Djava.util.logging.manager=org.apache.juli.ClassLoaderLogManager
Nov 05, 2016 2:39:44 PM org.apache.catalina.startup.VersionLoggerListener log
INFO: Command line argument: -Djdk.tls.ephemeralDHKeySize=2048
Nov 05, 2016 2:39:44 PM org.apache.catalina.startup.VersionLoggerListener log
INFO: Command line argument: -Djava.endorsed.dirs=/home/aaron/Downloads/cs390JAVA/tomcat7/endorsed
Nov 05, 2016 2:39:44 PM org.apache.catalina.startup.VersionLoggerListener log
INFO: Command line argument: -Dcatalina.base=/home/aaron/Downloads/cs390JAVA/tomcat7
Nov 05, 2016 2:39:44 PM org.apache.catalina.startup.VersionLoggerListener log
INFO: Command line argument: -Dcatalina.home=/home/aaron/Downloads/cs390JAVA/tomcat7
Nov 05, 2016 2:39:44 PM org.apache.catalina.startup.VersionLoggerListener log
INFO: Command line argument: -Djava.io.tmpdir=/home/aaron/Downloads/cs390JAVA/tomcat7/temp
Nov 05, 2016 2:39:44 PM org.apache.catalina.core.AprLifecycleListener lifecycleEvent
INFO: The APR based Apache Tomcat Native library which allows optimal performance in production environments was not found on the java.library.path: /usr/java/packages/lib/amd64:/usr/lib64:/lib64:/lib:/usr/lib
Nov 05, 2016 2:39:45 PM org.apache.coyote.AbstractProtocol init
INFO: Initializing ProtocolHandler ["http-bio-8080"]
Nov 05, 2016 2:39:45 PM org.apache.coyote.AbstractProtocol init
INFO: Initializing ProtocolHandler ["ajp-bio-8009"]
Nov 05, 2016 2:39:45 PM org.apache.catalina.startup.Catalina load
INFO: Initialization processed in 743 ms
Nov 05, 2016 2:39:45 PM org.apache.catalina.core.StandardService startInternal
INFO: Starting service Catalina
Nov 05, 2016 2:39:45 PM org.apache.catalina.core.StandardEngine startInternal
INFO: Starting Servlet Engine: Apache Tomcat/7.0.72
Nov 05, 2016 2:39:45 PM org.apache.catalina.startup.HostConfig deployDirectory
INFO: Deploying web application directory /home/aaron/Downloads/cs390JAVA/tomcat7/webapps/ROOT
Nov 05, 2016 2:39:45 PM org.apache.catalina.startup.TldConfig execute
INFO: At least one JAR was scanned for TLDs yet contained no TLDs. Enable debug logging for this logger for a complete list of JARs that were scanned but no TLDs were found in them. Skipping unneeded JARs during scanning can improve startup time and JSP compilation time.
Nov 05, 2016 2:39:45 PM org.apache.catalina.startup.HostConfig deployDirectory
INFO: Deployment of web application directory /home/aaron/Downloads/cs390JAVA/tomcat7/webapps/ROOT has finished in 475 ms
Nov 05, 2016 2:39:45 PM org.apache.catalina.startup.HostConfig deployDirectory
INFO: Deploying web application directory /home/aaron/Downloads/cs390JAVA/tomcat7/webapps/manager
Nov 05, 2016 2:39:45 PM org.apache.catalina.startup.TldConfig execute
INFO: At least one JAR was scanned for TLDs yet contained no TLDs. Enable debug logging for this logger for a complete list of JARs that were scanned but no TLDs were found in them. Skipping unneeded JARs during scanning can improve startup time and JSP compilation time.
Nov 05, 2016 2:39:45 PM org.apache.catalina.startup.HostConfig deployDirectory
INFO: Deployment of web application directory /home/aaron/Downloads/cs390JAVA/tomcat7/webapps/manager has finished in 144 ms
Nov 05, 2016 2:39:45 PM org.apache.catalina.startup.HostConfig deployDirectory
INFO: Deploying web application directory /home/aaron/Downloads/cs390JAVA/tomcat7/webapps/SearchEngine
Nov 05, 2016 2:39:45 PM org.apache.catalina.startup.TldConfig execute
INFO: At least one JAR was scanned for TLDs yet contained no TLDs. Enable debug logging for this logger for a complete list of JARs that were scanned but no TLDs were found in them. Skipping unneeded JARs during scanning can improve startup time and JSP compilation time.
Nov 05, 2016 2:39:45 PM org.apache.catalina.startup.HostConfig deployDirectory
INFO: Deployment of web application directory /home/aaron/Downloads/cs390JAVA/tomcat7/webapps/SearchEngine has finished in 166 ms
Nov 05, 2016 2:39:45 PM org.apache.catalina.startup.HostConfig deployDirectory
INFO: Deploying web application directory /home/aaron/Downloads/cs390JAVA/tomcat7/webapps/docs
Nov 05, 2016 2:39:45 PM org.apache.catalina.startup.TldConfig execute
INFO: At least one JAR was scanned for TLDs yet contained no TLDs. Enable debug logging for this logger for a complete list of JARs that were scanned but no TLDs were found in them. Skipping unneeded JARs during scanning can improve startup time and JSP compilation time.
Nov 05, 2016 2:39:45 PM org.apache.catalina.startup.HostConfig deployDirectory
INFO: Deployment of web application directory /home/aaron/Downloads/cs390JAVA/tomcat7/webapps/docs has finished in 97 ms
Nov 05, 2016 2:39:45 PM org.apache.catalina.startup.HostConfig deployDirectory
INFO: Deploying web application directory /home/aaron/Downloads/cs390JAVA/tomcat7/webapps/examples
Nov 05, 2016 2:39:46 PM org.apache.catalina.startup.TldConfig execute
INFO: At least one JAR was scanned for TLDs yet contained no TLDs. Enable debug logging for this logger for a complete list of JARs that were scanned but no TLDs were found in them. Skipping unneeded JARs during scanning can improve startup time and JSP compilation time.
Nov 05, 2016 2:39:46 PM org.apache.catalina.startup.HostConfig deployDirectory
INFO: Deployment of web application directory /home/aaron/Downloads/cs390JAVA/tomcat7/webapps/examples has finished in 359 ms
Nov 05, 2016 2:39:46 PM org.apache.catalina.startup.HostConfig deployDirectory
INFO: Deploying web application directory /home/aaron/Downloads/cs390JAVA/tomcat7/webapps/host-manager
Nov 05, 2016 2:39:46 PM org.apache.catalina.startup.TldConfig execute
INFO: At least one JAR was scanned for TLDs yet contained no TLDs. Enable debug logging for this logger for a complete list of JARs that were scanned but no TLDs were found in them. Skipping unneeded JARs during scanning can improve startup time and JSP compilation time.
Nov 05, 2016 2:39:46 PM org.apache.catalina.startup.HostConfig deployDirectory
INFO: Deployment of web application directory /home/aaron/Downloads/cs390JAVA/tomcat7/webapps/host-manager has finished in 99 ms
Nov 05, 2016 2:39:46 PM org.apache.coyote.AbstractProtocol start
INFO: Starting ProtocolHandler ["http-bio-8080"]
Nov 05, 2016 2:39:46 PM org.apache.coyote.AbstractProtocol start
INFO: Starting ProtocolHandler ["ajp-bio-8009"]
Nov 05, 2016 2:39:46 PM org.apache.catalina.startup.Catalina start
INFO: Server startup in 1403 ms
Nov 05, 2016 6:03:41 PM org.apache.catalina.startup.VersionLoggerListener log
INFO: Server version:        Apache Tomcat/7.0.72
Nov 05, 2016 6:03:41 PM org.apache.catalina.startup.VersionLoggerListener log
INFO: Server built:          Sep 14 2016 12:12:26 UTC
Nov 05, 2016 6:03:41 PM org.apache.catalina.startup.VersionLoggerListener log
INFO: Server number:         7.0.72.0
Nov 05, 2016 6:03:41 PM org.apache.catalina.startup.VersionLoggerListener log
INFO: OS Name:               Linux
Nov 05, 2016 6:03:41 PM org.apache.catalina.startup.VersionLoggerListener log
INFO: OS Version:            4.4.0-45-generic
Nov 05, 2016 6:03:41 PM org.apache.catalina.startup.VersionLoggerListener log
INFO: Architecture:          amd64
Nov 05, 2016 6:03:41 PM org.apache.catalina.startup.VersionLoggerListener log
INFO: Java Home:             /usr/lib/jvm/java-8-oracle/jre
Nov 05, 2016 6:03:41 PM org.apache.catalina.startup.VersionLoggerListener log
INFO: JVM Version:           1.8.0_91-b14
Nov 05, 2016 6:03:41 PM org.apache.catalina.startup.VersionLoggerListener log
INFO: JVM Vendor:            Oracle Corporation
Nov 05, 2016 6:03:41 PM org.apache.catalina.startup.VersionLoggerListener log
INFO: CATALINA_BASE:         /home/aaron/Downloads/cs390JAVA/tomcat7
Nov 05, 2016 6:03:41 PM org.apache.catalina.startup.VersionLoggerListener log
INFO: CATALINA_HOME:         /home/aaron/Downloads/cs390JAVA/tomcat7
Nov 05, 2016 6:03:41 PM org.apache.catalina.startup.VersionLoggerListener log
INFO: Command line argument: -Djava.util.logging.config.file=/home/aaron/Downloads/cs390JAVA/tomcat7/conf/logging.properties
Nov 05, 2016 6:03:41 PM org.apache.catalina.startup.VersionLoggerListener log
INFO: Command line argument: -Djava.util.logging.manager=org.apache.juli.ClassLoaderLogManager
Nov 05, 2016 6:03:41 PM org.apache.catalina.startup.VersionLoggerListener log
INFO: Command line argument: -Djdk.tls.ephemeralDHKeySize=2048
Nov 05, 2016 6:03:41 PM org.apache.catalina.startup.VersionLoggerListener log
INFO: Command line argument: -Djava.endorsed.dirs=/home/aaron/Downloads/cs390JAVA/tomcat7/endorsed
Nov 05, 2016 6:03:41 PM org.apache.catalina.startup.VersionLoggerListener log
INFO: Command line argument: -Dcatalina.base=/home/aaron/Downloads/cs390JAVA/tomcat7
Nov 05, 2016 6:03:41 PM org.apache.catalina.startup.VersionLoggerListener log
INFO: Command line argument: -Dcatalina.home=/home/aaron/Downloads/cs390JAVA/tomcat7
Nov 05, 2016 6:03:41 PM org.apache.catalina.startup.VersionLoggerListener log
INFO: Command line argument: -Djava.io.tmpdir=/home/aaron/Downloads/cs390JAVA/tomcat7/temp
Nov 05, 2016 6:03:41 PM org.apache.catalina.core.AprLifecycleListener lifecycleEvent
INFO: The APR based Apache Tomcat Native library which allows optimal performance in production environments was not found on the java.library.path: /usr/java/packages/lib/amd64:/usr/lib64:/lib64:/lib:/usr/lib
Nov 05, 2016 6:03:41 PM org.apache.coyote.AbstractProtocol init
INFO: Initializing ProtocolHandler ["http-bio-8080"]
Nov 05, 2016 6:03:41 PM org.apache.coyote.AbstractProtocol init
INFO: Initializing ProtocolHandler ["ajp-bio-8009"]
Nov 05, 2016 6:03:41 PM org.apache.catalina.startup.Catalina load
INFO: Initialization processed in 625 ms
Nov 05, 2016 6:03:41 PM org.apache.catalina.core.StandardService startInternal
INFO: Starting service Catalina
Nov 05, 2016 6:03:41 PM org.apache.catalina.core.StandardEngine startInternal
INFO: Starting Servlet Engine: Apache Tomcat/7.0.72
Nov 05, 2016 6:03:41 PM org.apache.catalina.startup.HostConfig deployDirectory
INFO: Deploying web application directory /home/aaron/Downloads/cs390JAVA/tomcat7/webapps/ROOT
Nov 05, 2016 6:03:41 PM org.apache.catalina.startup.TldConfig execute
INFO: At least one JAR was scanned for TLDs yet contained no TLDs. Enable debug logging for this logger for a complete list of JARs that were scanned but no TLDs were found in them. Skipping unneeded JARs during scanning can improve startup time and JSP compilation time.
Nov 05, 2016 6:03:41 PM org.apache.catalina.startup.HostConfig deployDirectory
INFO: Deployment of web application directory /home/aaron/Downloads/cs390JAVA/tomcat7/webapps/ROOT has finished in 354 ms
Nov 05, 2016 6:03:41 PM org.apache.catalina.startup.HostConfig deployDirectory
INFO: Deploying web application directory /home/aaron/Downloads/cs390JAVA/tomcat7/webapps/manager
Nov 05, 2016 6:03:41 PM org.apache.catalina.startup.TldConfig execute
INFO: At least one JAR was scanned for TLDs yet contained no TLDs. Enable debug logging for this logger for a complete list of JARs that were scanned but no TLDs were found in them. Skipping unneeded JARs during scanning can improve startup time and JSP compilation time.
Nov 05, 2016 6:03:41 PM org.apache.catalina.startup.HostConfig deployDirectory
INFO: Deployment of web application directory /home/aaron/Downloads/cs390JAVA/tomcat7/webapps/manager has finished in 121 ms
Nov 05, 2016 6:03:41 PM org.apache.catalina.startup.HostConfig deployDirectory
INFO: Deploying web application directory /home/aaron/Downloads/cs390JAVA/tomcat7/webapps/SearchEngine
Nov 05, 2016 6:03:42 PM org.apache.catalina.startup.TldConfig execute
INFO: At least one JAR was scanned for TLDs yet contained no TLDs. Enable debug logging for this logger for a complete list of JARs that were scanned but no TLDs were found in them. Skipping unneeded JARs during scanning can improve startup time and JSP compilation time.
Nov 05, 2016 6:03:42 PM org.apache.catalina.startup.HostConfig deployDirectory
INFO: Deployment of web application directory /home/aaron/Downloads/cs390JAVA/tomcat7/webapps/SearchEngine has finished in 133 ms
Nov 05, 2016 6:03:42 PM org.apache.catalina.startup.HostConfig deployDirectory
INFO: Deploying web application directory /home/aaron/Downloads/cs390JAVA/tomcat7/webapps/docs
Nov 05, 2016 6:03:42 PM org.apache.catalina.startup.TldConfig execute
INFO: At least one JAR was scanned for TLDs yet contained no TLDs. Enable debug logging for this logger for a complete list of JARs that were scanned but no TLDs were found in them. Skipping unneeded JARs during scanning can improve startup time and JSP compilation time.
Nov 05, 2016 6:03:42 PM org.apache.catalina.startup.HostConfig deployDirectory
INFO: Deployment of web application directory /home/aaron/Downloads/cs390JAVA/tomcat7/webapps/docs has finished in 76 ms
Nov 05, 2016 6:03:42 PM org.apache.catalina.startup.HostConfig deployDirectory
INFO: Deploying web application directory /home/aaron/Downloads/cs390JAVA/tomcat7/webapps/examples
Nov 05, 2016 6:03:42 PM org.apache.catalina.startup.TldConfig execute
INFO: At least one JAR was scanned for TLDs yet contained no TLDs. Enable debug logging for this logger for a complete list of JARs that were scanned but no TLDs were found in them. Skipping unneeded JARs during scanning can improve startup time and JSP compilation time.
Nov 05, 2016 6:03:42 PM org.apache.catalina.startup.HostConfig deployDirectory
INFO: Deployment of web application directory /home/aaron/Downloads/cs390JAVA/tomcat7/webapps/examples has finished in 193 ms
Nov 05, 2016 6:03:42 PM org.apache.catalina.startup.HostConfig deployDirectory
INFO: Deploying web application directory /home/aaron/Downloads/cs390JAVA/tomcat7/webapps/host-manager
Nov 05, 2016 6:03:42 PM org.apache.catalina.startup.TldConfig execute
INFO: At least one JAR was scanned for TLDs yet contained no TLDs. Enable debug logging for this logger for a complete list of JARs that were scanned but no TLDs were found in them. Skipping unneeded JARs during scanning can improve startup time and JSP compilation time.
Nov 05, 2016 6:03:42 PM org.apache.catalina.startup.HostConfig deployDirectory
INFO: Deployment of web application directory /home/aaron/Downloads/cs390JAVA/tomcat7/webapps/host-manager has finished in 62 ms
Nov 05, 2016 6:03:42 PM org.apache.coyote.AbstractProtocol start
INFO: Starting ProtocolHandler ["http-bio-8080"]
Nov 05, 2016 6:03:42 PM org.apache.coyote.AbstractProtocol start
INFO: Starting ProtocolHandler ["ajp-bio-8009"]
Nov 05, 2016 6:03:42 PM org.apache.catalina.startup.Catalina start
INFO: Server startup in 988 ms
Nov 05, 2016 6:41:32 PM org.apache.catalina.core.StandardContext reload
INFO: Reloading Context with name [/SearchEngine] has started
Nov 05, 2016 6:41:33 PM org.apache.catalina.startup.TldConfig execute
INFO: At least one JAR was scanned for TLDs yet contained no TLDs. Enable debug logging for this logger for a complete list of JARs that were scanned but no TLDs were found in them. Skipping unneeded JARs during scanning can improve startup time and JSP compilation time.
Nov 05, 2016 6:41:33 PM org.apache.catalina.core.StandardContext reload
INFO: Reloading Context with name [/SearchEngine] is completed
Nov 05, 2016 6:42:13 PM org.apache.catalina.core.StandardContext reload
INFO: Reloading Context with name [/SearchEngine] has started
Nov 05, 2016 6:42:13 PM org.apache.catalina.startup.TldConfig execute
INFO: At least one JAR was scanned for TLDs yet contained no TLDs. Enable debug logging for this logger for a complete list of JARs that were scanned but no TLDs were found in them. Skipping unneeded JARs during scanning can improve startup time and JSP compilation time.
Nov 05, 2016 6:42:13 PM org.apache.catalina.core.StandardContext reload
INFO: Reloading Context with name [/SearchEngine] is completed
Nov 05, 2016 11:46:15 PM org.apache.catalina.core.StandardContext reload
INFO: Reloading Context with name [/SearchEngine] has started
Nov 05, 2016 11:46:15 PM org.apache.catalina.startup.TldConfig execute
INFO: At least one JAR was scanned for TLDs yet contained no TLDs. Enable debug logging for this logger for a complete list of JARs that were scanned but no TLDs were found in them. Skipping unneeded JARs during scanning can improve startup time and JSP compilation time.
Nov 05, 2016 11:46:15 PM org.apache.catalina.core.StandardContext reload
INFO: Reloading Context with name [/SearchEngine] is completed
Nov 05, 2016 11:49:45 PM org.apache.catalina.core.StandardContext reload
INFO: Reloading Context with name [/SearchEngine] has started
Nov 05, 2016 11:49:45 PM org.apache.catalina.startup.TldConfig execute
INFO: At least one JAR was scanned for TLDs yet contained no TLDs. Enable debug logging for this logger for a complete list of JARs that were scanned but no TLDs were found in them. Skipping unneeded JARs during scanning can improve startup time and JSP compilation time.
Nov 05, 2016 11:49:45 PM org.apache.catalina.core.StandardContext reload
INFO: Reloading Context with name [/SearchEngine] is completed
Nov 05, 2016 11:50:45 PM org.apache.catalina.core.StandardContext reload
INFO: Reloading Context with name [/SearchEngine] has started
Nov 05, 2016 11:50:45 PM org.apache.catalina.startup.TldConfig execute
INFO: At least one JAR was scanned for TLDs yet contained no TLDs. Enable debug logging for this logger for a complete list of JARs that were scanned but no TLDs were found in them. Skipping unneeded JARs during scanning can improve startup time and JSP compilation time.
Nov 05, 2016 11:50:45 PM org.apache.catalina.core.StandardContext reload
INFO: Reloading Context with name [/SearchEngine] is completed
Nov 05, 2016 11:50:55 PM org.apache.catalina.core.StandardContext reload
INFO: Reloading Context with name [/SearchEngine] has started
Nov 05, 2016 11:50:55 PM org.apache.catalina.startup.TldConfig execute
INFO: At least one JAR was scanned for TLDs yet contained no TLDs. Enable debug logging for this logger for a complete list of JARs that were scanned but no TLDs were found in them. Skipping unneeded JARs during scanning can improve startup time and JSP compilation time.
Nov 05, 2016 11:50:55 PM org.apache.catalina.core.StandardContext reload
INFO: Reloading Context with name [/SearchEngine] is completed
