Nov 03, 2016 12:00:18 AM org.apache.catalina.core.StandardContext reload
INFO: Reloading Context with name [/SearchEngine] has started
Nov 03, 2016 12:00:18 AM org.apache.catalina.startup.TldConfig execute
INFO: At least one JAR was scanned for TLDs yet contained no TLDs. Enable debug logging for this logger for a complete list of JARs that were scanned but no TLDs were found in them. Skipping unneeded JARs during scanning can improve startup time and JSP compilation time.
Nov 03, 2016 12:00:18 AM org.apache.catalina.core.StandardContext reload
INFO: Reloading Context with name [/SearchEngine] is completed
Nov 03, 2016 12:01:18 AM org.apache.catalina.core.StandardContext reload
INFO: Reloading Context with name [/SearchEngine] has started
Nov 03, 2016 12:01:18 AM org.apache.catalina.startup.TldConfig execute
INFO: At least one JAR was scanned for TLDs yet contained no TLDs. Enable debug logging for this logger for a complete list of JARs that were scanned but no TLDs were found in them. Skipping unneeded JARs during scanning can improve startup time and JSP compilation time.
Nov 03, 2016 12:01:18 AM org.apache.catalina.core.StandardContext reload
INFO: Reloading Context with name [/SearchEngine] is completed
Nov 03, 2016 12:03:58 AM org.apache.catalina.core.StandardContext reload
INFO: Reloading Context with name [/SearchEngine] has started
Nov 03, 2016 12:03:58 AM org.apache.catalina.startup.TldConfig execute
INFO: At least one JAR was scanned for TLDs yet contained no TLDs. Enable debug logging for this logger for a complete list of JARs that were scanned but no TLDs were found in them. Skipping unneeded JARs during scanning can improve startup time and JSP compilation time.
Nov 03, 2016 12:03:58 AM org.apache.catalina.core.StandardContext reload
INFO: Reloading Context with name [/SearchEngine] is completed
Nov 03, 2016 12:04:28 AM org.apache.catalina.core.StandardContext reload
INFO: Reloading Context with name [/SearchEngine] has started
Nov 03, 2016 12:04:29 AM org.apache.catalina.startup.TldConfig execute
INFO: At least one JAR was scanned for TLDs yet contained no TLDs. Enable debug logging for this logger for a complete list of JARs that were scanned but no TLDs were found in them. Skipping unneeded JARs during scanning can improve startup time and JSP compilation time.
Nov 03, 2016 12:04:29 AM org.apache.catalina.core.StandardContext reload
INFO: Reloading Context with name [/SearchEngine] is completed
Nov 03, 2016 12:04:39 AM org.apache.catalina.core.StandardContext reload
INFO: Reloading Context with name [/SearchEngine] has started
Nov 03, 2016 12:04:39 AM org.apache.catalina.startup.TldConfig execute
INFO: At least one JAR was scanned for TLDs yet contained no TLDs. Enable debug logging for this logger for a complete list of JARs that were scanned but no TLDs were found in them. Skipping unneeded JARs during scanning can improve startup time and JSP compilation time.
Nov 03, 2016 12:04:39 AM org.apache.catalina.core.StandardContext reload
INFO: Reloading Context with name [/SearchEngine] is completed
Nov 03, 2016 12:07:09 AM org.apache.catalina.core.StandardContext reload
INFO: Reloading Context with name [/SearchEngine] has started
Nov 03, 2016 12:07:09 AM org.apache.catalina.startup.TldConfig execute
INFO: At least one JAR was scanned for TLDs yet contained no TLDs. Enable debug logging for this logger for a complete list of JARs that were scanned but no TLDs were found in them. Skipping unneeded JARs during scanning can improve startup time and JSP compilation time.
Nov 03, 2016 12:07:09 AM org.apache.catalina.core.StandardContext reload
INFO: Reloading Context with name [/SearchEngine] is completed
Nov 03, 2016 12:11:49 AM org.apache.catalina.core.StandardContext reload
INFO: Reloading Context with name [/SearchEngine] has started
Nov 03, 2016 12:11:49 AM org.apache.catalina.startup.TldConfig execute
INFO: At least one JAR was scanned for TLDs yet contained no TLDs. Enable debug logging for this logger for a complete list of JARs that were scanned but no TLDs were found in them. Skipping unneeded JARs during scanning can improve startup time and JSP compilation time.
Nov 03, 2016 12:11:49 AM org.apache.catalina.core.StandardContext reload
INFO: Reloading Context with name [/SearchEngine] is completed
Nov 03, 2016 12:12:59 AM org.apache.catalina.core.StandardContext reload
INFO: Reloading Context with name [/SearchEngine] has started
Nov 03, 2016 12:12:59 AM org.apache.catalina.startup.TldConfig execute
INFO: At least one JAR was scanned for TLDs yet contained no TLDs. Enable debug logging for this logger for a complete list of JARs that were scanned but no TLDs were found in them. Skipping unneeded JARs during scanning can improve startup time and JSP compilation time.
Nov 03, 2016 12:12:59 AM org.apache.catalina.core.StandardContext reload
INFO: Reloading Context with name [/SearchEngine] is completed
Nov 03, 2016 12:14:19 AM org.apache.catalina.core.StandardContext reload
INFO: Reloading Context with name [/SearchEngine] has started
Nov 03, 2016 12:14:19 AM org.apache.catalina.loader.WebappClassLoaderBase clearReferencesJdbc
SEVERE: The web application [/SearchEngine] registered the JDBC driver [com.mysql.jdbc.Driver] but failed to unregister it when the web application was stopped. To prevent a memory leak, the JDBC Driver has been forcibly unregistered.
Nov 03, 2016 12:14:19 AM org.apache.catalina.startup.TldConfig execute
INFO: At least one JAR was scanned for TLDs yet contained no TLDs. Enable debug logging for this logger for a complete list of JARs that were scanned but no TLDs were found in them. Skipping unneeded JARs during scanning can improve startup time and JSP compilation time.
Nov 03, 2016 12:14:19 AM org.apache.catalina.core.StandardContext reload
INFO: Reloading Context with name [/SearchEngine] is completed
Nov 03, 2016 12:16:19 AM org.apache.catalina.core.StandardContext reload
INFO: Reloading Context with name [/SearchEngine] has started
Nov 03, 2016 12:16:19 AM org.apache.catalina.startup.TldConfig execute
INFO: At least one JAR was scanned for TLDs yet contained no TLDs. Enable debug logging for this logger for a complete list of JARs that were scanned but no TLDs were found in them. Skipping unneeded JARs during scanning can improve startup time and JSP compilation time.
Nov 03, 2016 12:16:19 AM org.apache.catalina.core.StandardContext reload
INFO: Reloading Context with name [/SearchEngine] is completed
Nov 03, 2016 12:17:31 AM org.apache.catalina.startup.VersionLoggerListener log
INFO: Server version:        Apache Tomcat/7.0.72
Nov 03, 2016 12:17:31 AM org.apache.catalina.startup.VersionLoggerListener log
INFO: Server built:          Sep 14 2016 12:12:26 UTC
Nov 03, 2016 12:17:31 AM org.apache.catalina.startup.VersionLoggerListener log
INFO: Server number:         7.0.72.0
Nov 03, 2016 12:17:31 AM org.apache.catalina.startup.VersionLoggerListener log
INFO: OS Name:               Linux
Nov 03, 2016 12:17:31 AM org.apache.catalina.startup.VersionLoggerListener log
INFO: OS Version:            4.4.0-45-generic
Nov 03, 2016 12:17:31 AM org.apache.catalina.startup.VersionLoggerListener log
INFO: Architecture:          amd64
Nov 03, 2016 12:17:31 AM org.apache.catalina.startup.VersionLoggerListener log
INFO: Java Home:             /usr/lib/jvm/java-8-oracle/jre
Nov 03, 2016 12:17:31 AM org.apache.catalina.startup.VersionLoggerListener log
INFO: JVM Version:           1.8.0_91-b14
Nov 03, 2016 12:17:31 AM org.apache.catalina.startup.VersionLoggerListener log
INFO: JVM Vendor:            Oracle Corporation
Nov 03, 2016 12:17:31 AM org.apache.catalina.startup.VersionLoggerListener log
INFO: CATALINA_BASE:         /opt/tomcat7
Nov 03, 2016 12:17:31 AM org.apache.catalina.startup.VersionLoggerListener log
INFO: CATALINA_HOME:         /opt/tomcat7
Nov 03, 2016 12:17:31 AM org.apache.catalina.startup.VersionLoggerListener log
INFO: Command line argument: -Djava.util.logging.config.file=/opt/tomcat7/conf/logging.properties
Nov 03, 2016 12:17:31 AM org.apache.catalina.startup.VersionLoggerListener log
INFO: Command line argument: -Djava.util.logging.manager=org.apache.juli.ClassLoaderLogManager
Nov 03, 2016 12:17:31 AM org.apache.catalina.startup.VersionLoggerListener log
INFO: Command line argument: -Djdk.tls.ephemeralDHKeySize=2048
Nov 03, 2016 12:17:31 AM org.apache.catalina.startup.VersionLoggerListener log
INFO: Command line argument: -Djava.endorsed.dirs=/opt/tomcat7/endorsed
Nov 03, 2016 12:17:31 AM org.apache.catalina.startup.VersionLoggerListener log
INFO: Command line argument: -Dcatalina.base=/opt/tomcat7
Nov 03, 2016 12:17:31 AM org.apache.catalina.startup.VersionLoggerListener log
INFO: Command line argument: -Dcatalina.home=/opt/tomcat7
Nov 03, 2016 12:17:31 AM org.apache.catalina.startup.VersionLoggerListener log
INFO: Command line argument: -Djava.io.tmpdir=/opt/tomcat7/temp
Nov 03, 2016 12:17:31 AM org.apache.catalina.core.AprLifecycleListener lifecycleEvent
INFO: The APR based Apache Tomcat Native library which allows optimal performance in production environments was not found on the java.library.path: /usr/java/packages/lib/amd64:/usr/lib64:/lib64:/lib:/usr/lib
Nov 03, 2016 12:17:31 AM org.apache.coyote.AbstractProtocol init
INFO: Initializing ProtocolHandler ["http-bio-8080"]
Nov 03, 2016 12:17:31 AM org.apache.coyote.AbstractProtocol init
SEVERE: Failed to initialize end point associated with ProtocolHandler ["http-bio-8080"]
java.net.BindException: Address already in use <null>:8080
	at org.apache.tomcat.util.net.JIoEndpoint.bind(JIoEndpoint.java:413)
	at org.apache.tomcat.util.net.AbstractEndpoint.init(AbstractEndpoint.java:650)
	at org.apache.coyote.AbstractProtocol.init(AbstractProtocol.java:452)
	at org.apache.coyote.http11.AbstractHttp11JsseProtocol.init(AbstractHttp11JsseProtocol.java:119)
	at org.apache.catalina.connector.Connector.initInternal(Connector.java:978)
	at org.apache.catalina.util.LifecycleBase.init(LifecycleBase.java:102)
	at org.apache.catalina.core.StandardService.initInternal(StandardService.java:560)
	at org.apache.catalina.util.LifecycleBase.init(LifecycleBase.java:102)
	at org.apache.catalina.core.StandardServer.initInternal(StandardServer.java:838)
	at org.apache.catalina.util.LifecycleBase.init(LifecycleBase.java:102)
	at org.apache.catalina.startup.Catalina.load(Catalina.java:642)
	at org.apache.catalina.startup.Catalina.load(Catalina.java:667)
	at sun.reflect.NativeMethodAccessorImpl.invoke0(Native Method)
	at sun.reflect.NativeMethodAccessorImpl.invoke(NativeMethodAccessorImpl.java:62)
	at sun.reflect.DelegatingMethodAccessorImpl.invoke(DelegatingMethodAccessorImpl.java:43)
	at java.lang.reflect.Method.invoke(Method.java:498)
	at org.apache.catalina.startup.Bootstrap.load(Bootstrap.java:253)
	at org.apache.catalina.startup.Bootstrap.main(Bootstrap.java:427)
Caused by: java.net.BindException: Address already in use
	at java.net.PlainSocketImpl.socketBind(Native Method)
	at java.net.AbstractPlainSocketImpl.bind(AbstractPlainSocketImpl.java:387)
	at java.net.ServerSocket.bind(ServerSocket.java:375)
	at java.net.ServerSocket.<init>(ServerSocket.java:237)
	at java.net.ServerSocket.<init>(ServerSocket.java:181)
	at org.apache.tomcat.util.net.DefaultServerSocketFactory.createSocket(DefaultServerSocketFactory.java:49)
	at org.apache.tomcat.util.net.JIoEndpoint.bind(JIoEndpoint.java:400)
	... 17 more

Nov 03, 2016 12:17:31 AM org.apache.catalina.core.StandardService initInternal
SEVERE: Failed to initialize connector [Connector[HTTP/1.1-8080]]
org.apache.catalina.LifecycleException: Failed to initialize component [Connector[HTTP/1.1-8080]]
	at org.apache.catalina.util.LifecycleBase.init(LifecycleBase.java:107)
	at org.apache.catalina.core.StandardService.initInternal(StandardService.java:560)
	at org.apache.catalina.util.LifecycleBase.init(LifecycleBase.java:102)
	at org.apache.catalina.core.StandardServer.initInternal(StandardServer.java:838)
	at org.apache.catalina.util.LifecycleBase.init(LifecycleBase.java:102)
	at org.apache.catalina.startup.Catalina.load(Catalina.java:642)
	at org.apache.catalina.startup.Catalina.load(Catalina.java:667)
	at sun.reflect.NativeMethodAccessorImpl.invoke0(Native Method)
	at sun.reflect.NativeMethodAccessorImpl.invoke(NativeMethodAccessorImpl.java:62)
	at sun.reflect.DelegatingMethodAccessorImpl.invoke(DelegatingMethodAccessorImpl.java:43)
	at java.lang.reflect.Method.invoke(Method.java:498)
	at org.apache.catalina.startup.Bootstrap.load(Bootstrap.java:253)
	at org.apache.catalina.startup.Bootstrap.main(Bootstrap.java:427)
Caused by: org.apache.catalina.LifecycleException: Protocol handler initialization failed
	at org.apache.catalina.connector.Connector.initInternal(Connector.java:980)
	at org.apache.catalina.util.LifecycleBase.init(LifecycleBase.java:102)
	... 12 more
Caused by: java.net.BindException: Address already in use <null>:8080
	at org.apache.tomcat.util.net.JIoEndpoint.bind(JIoEndpoint.java:413)
	at org.apache.tomcat.util.net.AbstractEndpoint.init(AbstractEndpoint.java:650)
	at org.apache.coyote.AbstractProtocol.init(AbstractProtocol.java:452)
	at org.apache.coyote.http11.AbstractHttp11JsseProtocol.init(AbstractHttp11JsseProtocol.java:119)
	at org.apache.catalina.connector.Connector.initInternal(Connector.java:978)
	... 13 more
Caused by: java.net.BindException: Address already in use
	at java.net.PlainSocketImpl.socketBind(Native Method)
	at java.net.AbstractPlainSocketImpl.bind(AbstractPlainSocketImpl.java:387)
	at java.net.ServerSocket.bind(ServerSocket.java:375)
	at java.net.ServerSocket.<init>(ServerSocket.java:237)
	at java.net.ServerSocket.<init>(ServerSocket.java:181)
	at org.apache.tomcat.util.net.DefaultServerSocketFactory.createSocket(DefaultServerSocketFactory.java:49)
	at org.apache.tomcat.util.net.JIoEndpoint.bind(JIoEndpoint.java:400)
	... 17 more

Nov 03, 2016 12:17:31 AM org.apache.coyote.AbstractProtocol init
INFO: Initializing ProtocolHandler ["ajp-bio-8009"]
Nov 03, 2016 12:17:31 AM org.apache.coyote.AbstractProtocol init
SEVERE: Failed to initialize end point associated with ProtocolHandler ["ajp-bio-8009"]
java.net.BindException: Address already in use <null>:8009
	at org.apache.tomcat.util.net.JIoEndpoint.bind(JIoEndpoint.java:413)
	at org.apache.tomcat.util.net.AbstractEndpoint.init(AbstractEndpoint.java:650)
	at org.apache.coyote.AbstractProtocol.init(AbstractProtocol.java:452)
	at org.apache.catalina.connector.Connector.initInternal(Connector.java:978)
	at org.apache.catalina.util.LifecycleBase.init(LifecycleBase.java:102)
	at org.apache.catalina.core.StandardService.initInternal(StandardService.java:560)
	at org.apache.catalina.util.LifecycleBase.init(LifecycleBase.java:102)
	at org.apache.catalina.core.StandardServer.initInternal(StandardServer.java:838)
	at org.apache.catalina.util.LifecycleBase.init(LifecycleBase.java:102)
	at org.apache.catalina.startup.Catalina.load(Catalina.java:642)
	at org.apache.catalina.startup.Catalina.load(Catalina.java:667)
	at sun.reflect.NativeMethodAccessorImpl.invoke0(Native Method)
	at sun.reflect.NativeMethodAccessorImpl.invoke(NativeMethodAccessorImpl.java:62)
	at sun.reflect.DelegatingMethodAccessorImpl.invoke(DelegatingMethodAccessorImpl.java:43)
	at java.lang.reflect.Method.invoke(Method.java:498)
	at org.apache.catalina.startup.Bootstrap.load(Bootstrap.java:253)
	at org.apache.catalina.startup.Bootstrap.main(Bootstrap.java:427)
Caused by: java.net.BindException: Address already in use
	at java.net.PlainSocketImpl.socketBind(Native Method)
	at java.net.AbstractPlainSocketImpl.bind(AbstractPlainSocketImpl.java:387)
	at java.net.ServerSocket.bind(ServerSocket.java:375)
	at java.net.ServerSocket.<init>(ServerSocket.java:237)
	at java.net.ServerSocket.<init>(ServerSocket.java:181)
	at org.apache.tomcat.util.net.DefaultServerSocketFactory.createSocket(DefaultServerSocketFactory.java:49)
	at org.apache.tomcat.util.net.JIoEndpoint.bind(JIoEndpoint.java:400)
	... 16 more

Nov 03, 2016 12:17:31 AM org.apache.catalina.core.StandardService initInternal
SEVERE: Failed to initialize connector [Connector[AJP/1.3-8009]]
org.apache.catalina.LifecycleException: Failed to initialize component [Connector[AJP/1.3-8009]]
	at org.apache.catalina.util.LifecycleBase.init(LifecycleBase.java:107)
	at org.apache.catalina.core.StandardService.initInternal(StandardService.java:560)
	at org.apache.catalina.util.LifecycleBase.init(LifecycleBase.java:102)
	at org.apache.catalina.core.StandardServer.initInternal(StandardServer.java:838)
	at org.apache.catalina.util.LifecycleBase.init(LifecycleBase.java:102)
	at org.apache.catalina.startup.Catalina.load(Catalina.java:642)
	at org.apache.catalina.startup.Catalina.load(Catalina.java:667)
	at sun.reflect.NativeMethodAccessorImpl.invoke0(Native Method)
	at sun.reflect.NativeMethodAccessorImpl.invoke(NativeMethodAccessorImpl.java:62)
	at sun.reflect.DelegatingMethodAccessorImpl.invoke(DelegatingMethodAccessorImpl.java:43)
	at java.lang.reflect.Method.invoke(Method.java:498)
	at org.apache.catalina.startup.Bootstrap.load(Bootstrap.java:253)
	at org.apache.catalina.startup.Bootstrap.main(Bootstrap.java:427)
Caused by: org.apache.catalina.LifecycleException: Protocol handler initialization failed
	at org.apache.catalina.connector.Connector.initInternal(Connector.java:980)
	at org.apache.catalina.util.LifecycleBase.init(LifecycleBase.java:102)
	... 12 more
Caused by: java.net.BindException: Address already in use <null>:8009
	at org.apache.tomcat.util.net.JIoEndpoint.bind(JIoEndpoint.java:413)
	at org.apache.tomcat.util.net.AbstractEndpoint.init(AbstractEndpoint.java:650)
	at org.apache.coyote.AbstractProtocol.init(AbstractProtocol.java:452)
	at org.apache.catalina.connector.Connector.initInternal(Connector.java:978)
	... 13 more
Caused by: java.net.BindException: Address already in use
	at java.net.PlainSocketImpl.socketBind(Native Method)
	at java.net.AbstractPlainSocketImpl.bind(AbstractPlainSocketImpl.java:387)
	at java.net.ServerSocket.bind(ServerSocket.java:375)
	at java.net.ServerSocket.<init>(ServerSocket.java:237)
	at java.net.ServerSocket.<init>(ServerSocket.java:181)
	at org.apache.tomcat.util.net.DefaultServerSocketFactory.createSocket(DefaultServerSocketFactory.java:49)
	at org.apache.tomcat.util.net.JIoEndpoint.bind(JIoEndpoint.java:400)
	... 16 more

Nov 03, 2016 12:17:31 AM org.apache.catalina.startup.Catalina load
INFO: Initialization processed in 518 ms
Nov 03, 2016 12:17:31 AM org.apache.catalina.core.StandardService startInternal
INFO: Starting service Catalina
Nov 03, 2016 12:17:31 AM org.apache.catalina.core.StandardEngine startInternal
INFO: Starting Servlet Engine: Apache Tomcat/7.0.72
Nov 03, 2016 12:17:31 AM org.apache.catalina.startup.HostConfig deployDirectory
INFO: Deploying web application directory /opt/tomcat7/webapps/ROOT
Nov 03, 2016 12:17:32 AM org.apache.catalina.startup.TldConfig execute
INFO: At least one JAR was scanned for TLDs yet contained no TLDs. Enable debug logging for this logger for a complete list of JARs that were scanned but no TLDs were found in them. Skipping unneeded JARs during scanning can improve startup time and JSP compilation time.
Nov 03, 2016 12:17:32 AM org.apache.catalina.startup.HostConfig deployDirectory
INFO: Deployment of web application directory /opt/tomcat7/webapps/ROOT has finished in 288 ms
Nov 03, 2016 12:17:32 AM org.apache.catalina.startup.HostConfig deployDirectory
INFO: Deploying web application directory /opt/tomcat7/webapps/manager
Nov 03, 2016 12:17:32 AM org.apache.catalina.startup.TldConfig execute
INFO: At least one JAR was scanned for TLDs yet contained no TLDs. Enable debug logging for this logger for a complete list of JARs that were scanned but no TLDs were found in them. Skipping unneeded JARs during scanning can improve startup time and JSP compilation time.
Nov 03, 2016 12:17:32 AM org.apache.catalina.startup.HostConfig deployDirectory
INFO: Deployment of web application directory /opt/tomcat7/webapps/manager has finished in 119 ms
Nov 03, 2016 12:17:32 AM org.apache.catalina.startup.HostConfig deployDirectory
INFO: Deploying web application directory /opt/tomcat7/webapps/SearchEngine
Nov 03, 2016 12:17:32 AM org.apache.catalina.startup.TldConfig execute
INFO: At least one JAR was scanned for TLDs yet contained no TLDs. Enable debug logging for this logger for a complete list of JARs that were scanned but no TLDs were found in them. Skipping unneeded JARs during scanning can improve startup time and JSP compilation time.
Nov 03, 2016 12:17:32 AM org.apache.catalina.startup.HostConfig deployDirectory
INFO: Deployment of web application directory /opt/tomcat7/webapps/SearchEngine has finished in 143 ms
Nov 03, 2016 12:17:32 AM org.apache.catalina.startup.HostConfig deployDirectory
INFO: Deploying web application directory /opt/tomcat7/webapps/docs
Nov 03, 2016 12:17:32 AM org.apache.catalina.startup.TldConfig execute
INFO: At least one JAR was scanned for TLDs yet contained no TLDs. Enable debug logging for this logger for a complete list of JARs that were scanned but no TLDs were found in them. Skipping unneeded JARs during scanning can improve startup time and JSP compilation time.
Nov 03, 2016 12:17:32 AM org.apache.catalina.startup.HostConfig deployDirectory
INFO: Deployment of web application directory /opt/tomcat7/webapps/docs has finished in 122 ms
Nov 03, 2016 12:17:32 AM org.apache.catalina.startup.HostConfig deployDirectory
INFO: Deploying web application directory /opt/tomcat7/webapps/examples
Nov 03, 2016 12:17:32 AM org.apache.catalina.startup.TldConfig execute
INFO: At least one JAR was scanned for TLDs yet contained no TLDs. Enable debug logging for this logger for a complete list of JARs that were scanned but no TLDs were found in them. Skipping unneeded JARs during scanning can improve startup time and JSP compilation time.
Nov 03, 2016 12:17:32 AM org.apache.catalina.startup.HostConfig deployDirectory
INFO: Deployment of web application directory /opt/tomcat7/webapps/examples has finished in 175 ms
Nov 03, 2016 12:17:32 AM org.apache.catalina.startup.HostConfig deployDirectory
INFO: Deploying web application directory /opt/tomcat7/webapps/host-manager
Nov 03, 2016 12:17:32 AM org.apache.catalina.startup.TldConfig execute
INFO: At least one JAR was scanned for TLDs yet contained no TLDs. Enable debug logging for this logger for a complete list of JARs that were scanned but no TLDs were found in them. Skipping unneeded JARs during scanning can improve startup time and JSP compilation time.
Nov 03, 2016 12:17:32 AM org.apache.catalina.startup.HostConfig deployDirectory
INFO: Deployment of web application directory /opt/tomcat7/webapps/host-manager has finished in 67 ms
Nov 03, 2016 12:17:32 AM org.apache.catalina.startup.Catalina start
INFO: Server startup in 948 ms
Nov 03, 2016 12:17:32 AM org.apache.catalina.core.StandardServer await
SEVERE: StandardServer.await: create[localhost:8005]: 
java.net.BindException: Address already in use
	at java.net.PlainSocketImpl.socketBind(Native Method)
	at java.net.AbstractPlainSocketImpl.bind(AbstractPlainSocketImpl.java:387)
	at java.net.ServerSocket.bind(ServerSocket.java:375)
	at java.net.ServerSocket.<init>(ServerSocket.java:237)
	at org.apache.catalina.core.StandardServer.await(StandardServer.java:444)
	at org.apache.catalina.startup.Catalina.await(Catalina.java:781)
	at org.apache.catalina.startup.Catalina.start(Catalina.java:727)
	at sun.reflect.NativeMethodAccessorImpl.invoke0(Native Method)
	at sun.reflect.NativeMethodAccessorImpl.invoke(NativeMethodAccessorImpl.java:62)
	at sun.reflect.DelegatingMethodAccessorImpl.invoke(DelegatingMethodAccessorImpl.java:43)
	at java.lang.reflect.Method.invoke(Method.java:498)
	at org.apache.catalina.startup.Bootstrap.start(Bootstrap.java:294)
	at org.apache.catalina.startup.Bootstrap.main(Bootstrap.java:428)

Nov 03, 2016 12:17:32 AM org.apache.coyote.AbstractProtocol pause
INFO: Pausing ProtocolHandler ["http-bio-8080"]
Nov 03, 2016 12:17:32 AM org.apache.coyote.AbstractProtocol pause
INFO: Pausing ProtocolHandler ["ajp-bio-8009"]
Nov 03, 2016 12:17:32 AM org.apache.catalina.core.StandardService stopInternal
INFO: Stopping service Catalina
Nov 03, 2016 12:17:32 AM org.apache.coyote.AbstractProtocol stop
INFO: Stopping ProtocolHandler ["http-bio-8080"]
Nov 03, 2016 12:17:32 AM org.apache.coyote.AbstractProtocol destroy
INFO: Destroying ProtocolHandler ["http-bio-8080"]
Nov 03, 2016 12:17:32 AM org.apache.coyote.AbstractProtocol stop
INFO: Stopping ProtocolHandler ["ajp-bio-8009"]
Nov 03, 2016 12:17:32 AM org.apache.coyote.AbstractProtocol destroy
INFO: Destroying ProtocolHandler ["ajp-bio-8009"]
Nov 03, 2016 12:17:36 AM org.apache.catalina.core.StandardServer await
INFO: A valid shutdown command was received via the shutdown port. Stopping the Server instance.
Nov 03, 2016 12:17:36 AM org.apache.coyote.AbstractProtocol pause
INFO: Pausing ProtocolHandler ["http-bio-8080"]
Nov 03, 2016 12:17:37 AM org.apache.coyote.AbstractProtocol pause
INFO: Pausing ProtocolHandler ["ajp-bio-8009"]
Nov 03, 2016 12:17:37 AM org.apache.catalina.core.StandardService stopInternal
INFO: Stopping service Catalina
Nov 03, 2016 12:17:37 AM org.apache.coyote.AbstractProtocol stop
INFO: Stopping ProtocolHandler ["http-bio-8080"]
Nov 03, 2016 12:17:37 AM org.apache.coyote.AbstractProtocol stop
INFO: Stopping ProtocolHandler ["ajp-bio-8009"]
Nov 03, 2016 12:17:37 AM org.apache.coyote.AbstractProtocol destroy
INFO: Destroying ProtocolHandler ["http-bio-8080"]
Nov 03, 2016 12:17:37 AM org.apache.coyote.AbstractProtocol destroy
INFO: Destroying ProtocolHandler ["ajp-bio-8009"]
Nov 03, 2016 12:17:38 AM org.apache.catalina.startup.VersionLoggerListener log
INFO: Server version:        Apache Tomcat/7.0.72
Nov 03, 2016 12:17:38 AM org.apache.catalina.startup.VersionLoggerListener log
INFO: Server built:          Sep 14 2016 12:12:26 UTC
Nov 03, 2016 12:17:38 AM org.apache.catalina.startup.VersionLoggerListener log
INFO: Server number:         7.0.72.0
Nov 03, 2016 12:17:38 AM org.apache.catalina.startup.VersionLoggerListener log
INFO: OS Name:               Linux
Nov 03, 2016 12:17:38 AM org.apache.catalina.startup.VersionLoggerListener log
INFO: OS Version:            4.4.0-45-generic
Nov 03, 2016 12:17:38 AM org.apache.catalina.startup.VersionLoggerListener log
INFO: Architecture:          amd64
Nov 03, 2016 12:17:38 AM org.apache.catalina.startup.VersionLoggerListener log
INFO: Java Home:             /usr/lib/jvm/java-8-oracle/jre
Nov 03, 2016 12:17:38 AM org.apache.catalina.startup.VersionLoggerListener log
INFO: JVM Version:           1.8.0_91-b14
Nov 03, 2016 12:17:38 AM org.apache.catalina.startup.VersionLoggerListener log
INFO: JVM Vendor:            Oracle Corporation
Nov 03, 2016 12:17:38 AM org.apache.catalina.startup.VersionLoggerListener log
INFO: CATALINA_BASE:         /opt/tomcat7
Nov 03, 2016 12:17:38 AM org.apache.catalina.startup.VersionLoggerListener log
INFO: CATALINA_HOME:         /opt/tomcat7
Nov 03, 2016 12:17:38 AM org.apache.catalina.startup.VersionLoggerListener log
INFO: Command line argument: -Djava.util.logging.config.file=/opt/tomcat7/conf/logging.properties
Nov 03, 2016 12:17:38 AM org.apache.catalina.startup.VersionLoggerListener log
INFO: Command line argument: -Djava.util.logging.manager=org.apache.juli.ClassLoaderLogManager
Nov 03, 2016 12:17:38 AM org.apache.catalina.startup.VersionLoggerListener log
INFO: Command line argument: -Djdk.tls.ephemeralDHKeySize=2048
Nov 03, 2016 12:17:38 AM org.apache.catalina.startup.VersionLoggerListener log
INFO: Command line argument: -Djava.endorsed.dirs=/opt/tomcat7/endorsed
Nov 03, 2016 12:17:38 AM org.apache.catalina.startup.VersionLoggerListener log
INFO: Command line argument: -Dcatalina.base=/opt/tomcat7
Nov 03, 2016 12:17:38 AM org.apache.catalina.startup.VersionLoggerListener log
INFO: Command line argument: -Dcatalina.home=/opt/tomcat7
Nov 03, 2016 12:17:38 AM org.apache.catalina.startup.VersionLoggerListener log
INFO: Command line argument: -Djava.io.tmpdir=/opt/tomcat7/temp
Nov 03, 2016 12:17:38 AM org.apache.catalina.core.AprLifecycleListener lifecycleEvent
INFO: The APR based Apache Tomcat Native library which allows optimal performance in production environments was not found on the java.library.path: /usr/java/packages/lib/amd64:/usr/lib64:/lib64:/lib:/usr/lib
Nov 03, 2016 12:17:39 AM org.apache.coyote.AbstractProtocol init
INFO: Initializing ProtocolHandler ["http-bio-8080"]
Nov 03, 2016 12:17:39 AM org.apache.coyote.AbstractProtocol init
INFO: Initializing ProtocolHandler ["ajp-bio-8009"]
Nov 03, 2016 12:17:39 AM org.apache.catalina.startup.Catalina load
INFO: Initialization processed in 493 ms
Nov 03, 2016 12:17:39 AM org.apache.catalina.core.StandardService startInternal
INFO: Starting service Catalina
Nov 03, 2016 12:17:39 AM org.apache.catalina.core.StandardEngine startInternal
INFO: Starting Servlet Engine: Apache Tomcat/7.0.72
Nov 03, 2016 12:17:39 AM org.apache.catalina.startup.HostConfig deployDirectory
INFO: Deploying web application directory /opt/tomcat7/webapps/ROOT
Nov 03, 2016 12:17:39 AM org.apache.catalina.startup.TldConfig execute
INFO: At least one JAR was scanned for TLDs yet contained no TLDs. Enable debug logging for this logger for a complete list of JARs that were scanned but no TLDs were found in them. Skipping unneeded JARs during scanning can improve startup time and JSP compilation time.
Nov 03, 2016 12:17:39 AM org.apache.catalina.startup.HostConfig deployDirectory
INFO: Deployment of web application directory /opt/tomcat7/webapps/ROOT has finished in 403 ms
Nov 03, 2016 12:17:39 AM org.apache.catalina.startup.HostConfig deployDirectory
INFO: Deploying web application directory /opt/tomcat7/webapps/manager
Nov 03, 2016 12:17:39 AM org.apache.catalina.startup.TldConfig execute
INFO: At least one JAR was scanned for TLDs yet contained no TLDs. Enable debug logging for this logger for a complete list of JARs that were scanned but no TLDs were found in them. Skipping unneeded JARs during scanning can improve startup time and JSP compilation time.
Nov 03, 2016 12:17:39 AM org.apache.catalina.startup.HostConfig deployDirectory
INFO: Deployment of web application directory /opt/tomcat7/webapps/manager has finished in 127 ms
Nov 03, 2016 12:17:39 AM org.apache.catalina.startup.HostConfig deployDirectory
INFO: Deploying web application directory /opt/tomcat7/webapps/SearchEngine
Nov 03, 2016 12:17:39 AM org.apache.catalina.startup.TldConfig execute
INFO: At least one JAR was scanned for TLDs yet contained no TLDs. Enable debug logging for this logger for a complete list of JARs that were scanned but no TLDs were found in them. Skipping unneeded JARs during scanning can improve startup time and JSP compilation time.
Nov 03, 2016 12:17:39 AM org.apache.catalina.startup.HostConfig deployDirectory
INFO: Deployment of web application directory /opt/tomcat7/webapps/SearchEngine has finished in 126 ms
Nov 03, 2016 12:17:39 AM org.apache.catalina.startup.HostConfig deployDirectory
INFO: Deploying web application directory /opt/tomcat7/webapps/docs
Nov 03, 2016 12:17:39 AM org.apache.catalina.startup.TldConfig execute
INFO: At least one JAR was scanned for TLDs yet contained no TLDs. Enable debug logging for this logger for a complete list of JARs that were scanned but no TLDs were found in them. Skipping unneeded JARs during scanning can improve startup time and JSP compilation time.
Nov 03, 2016 12:17:39 AM org.apache.catalina.startup.HostConfig deployDirectory
INFO: Deployment of web application directory /opt/tomcat7/webapps/docs has finished in 98 ms
Nov 03, 2016 12:17:39 AM org.apache.catalina.startup.HostConfig deployDirectory
INFO: Deploying web application directory /opt/tomcat7/webapps/examples
Nov 03, 2016 12:17:40 AM org.apache.catalina.startup.TldConfig execute
INFO: At least one JAR was scanned for TLDs yet contained no TLDs. Enable debug logging for this logger for a complete list of JARs that were scanned but no TLDs were found in them. Skipping unneeded JARs during scanning can improve startup time and JSP compilation time.
Nov 03, 2016 12:17:40 AM org.apache.catalina.startup.HostConfig deployDirectory
INFO: Deployment of web application directory /opt/tomcat7/webapps/examples has finished in 252 ms
Nov 03, 2016 12:17:40 AM org.apache.catalina.startup.HostConfig deployDirectory
INFO: Deploying web application directory /opt/tomcat7/webapps/host-manager
Nov 03, 2016 12:17:40 AM org.apache.catalina.startup.TldConfig execute
INFO: At least one JAR was scanned for TLDs yet contained no TLDs. Enable debug logging for this logger for a complete list of JARs that were scanned but no TLDs were found in them. Skipping unneeded JARs during scanning can improve startup time and JSP compilation time.
Nov 03, 2016 12:17:40 AM org.apache.catalina.startup.HostConfig deployDirectory
INFO: Deployment of web application directory /opt/tomcat7/webapps/host-manager has finished in 86 ms
Nov 03, 2016 12:17:40 AM org.apache.coyote.AbstractProtocol start
INFO: Starting ProtocolHandler ["http-bio-8080"]
Nov 03, 2016 12:17:40 AM org.apache.coyote.AbstractProtocol start
INFO: Starting ProtocolHandler ["ajp-bio-8009"]
Nov 03, 2016 12:17:40 AM org.apache.catalina.startup.Catalina start
INFO: Server startup in 1135 ms
Nov 03, 2016 12:24:10 AM org.apache.catalina.core.StandardContext reload
INFO: Reloading Context with name [/SearchEngine] has started
Nov 03, 2016 12:24:10 AM org.apache.catalina.startup.TldConfig execute
INFO: At least one JAR was scanned for TLDs yet contained no TLDs. Enable debug logging for this logger for a complete list of JARs that were scanned but no TLDs were found in them. Skipping unneeded JARs during scanning can improve startup time and JSP compilation time.
Nov 03, 2016 12:24:10 AM org.apache.catalina.core.StandardContext reload
INFO: Reloading Context with name [/SearchEngine] is completed
Nov 03, 2016 12:31:10 AM org.apache.catalina.core.StandardContext reload
INFO: Reloading Context with name [/SearchEngine] has started
Nov 03, 2016 12:31:10 AM org.apache.catalina.startup.TldConfig execute
INFO: At least one JAR was scanned for TLDs yet contained no TLDs. Enable debug logging for this logger for a complete list of JARs that were scanned but no TLDs were found in them. Skipping unneeded JARs during scanning can improve startup time and JSP compilation time.
Nov 03, 2016 12:31:10 AM org.apache.catalina.core.StandardContext reload
INFO: Reloading Context with name [/SearchEngine] is completed
Nov 03, 2016 12:34:40 AM org.apache.catalina.core.StandardContext reload
INFO: Reloading Context with name [/SearchEngine] has started
Nov 03, 2016 12:34:40 AM org.apache.catalina.startup.TldConfig execute
INFO: At least one JAR was scanned for TLDs yet contained no TLDs. Enable debug logging for this logger for a complete list of JARs that were scanned but no TLDs were found in them. Skipping unneeded JARs during scanning can improve startup time and JSP compilation time.
Nov 03, 2016 12:34:40 AM org.apache.catalina.core.StandardContext reload
INFO: Reloading Context with name [/SearchEngine] is completed
Nov 03, 2016 12:36:20 AM org.apache.catalina.core.StandardContext reload
INFO: Reloading Context with name [/SearchEngine] has started
Nov 03, 2016 12:36:20 AM org.apache.catalina.startup.TldConfig execute
INFO: At least one JAR was scanned for TLDs yet contained no TLDs. Enable debug logging for this logger for a complete list of JARs that were scanned but no TLDs were found in them. Skipping unneeded JARs during scanning can improve startup time and JSP compilation time.
Nov 03, 2016 12:36:20 AM org.apache.catalina.core.StandardContext reload
INFO: Reloading Context with name [/SearchEngine] is completed
Nov 03, 2016 12:44:18 AM org.apache.catalina.core.StandardServer await
INFO: A valid shutdown command was received via the shutdown port. Stopping the Server instance.
Nov 03, 2016 12:44:18 AM org.apache.coyote.AbstractProtocol pause
INFO: Pausing ProtocolHandler ["http-bio-8080"]
Nov 03, 2016 12:44:18 AM org.apache.coyote.AbstractProtocol pause
INFO: Pausing ProtocolHandler ["ajp-bio-8009"]
Nov 03, 2016 12:44:18 AM org.apache.catalina.core.StandardService stopInternal
INFO: Stopping service Catalina
Nov 03, 2016 12:44:18 AM org.apache.coyote.AbstractProtocol stop
INFO: Stopping ProtocolHandler ["http-bio-8080"]
Nov 03, 2016 12:44:18 AM org.apache.coyote.AbstractProtocol stop
INFO: Stopping ProtocolHandler ["ajp-bio-8009"]
Nov 03, 2016 12:44:18 AM org.apache.coyote.AbstractProtocol destroy
INFO: Destroying ProtocolHandler ["http-bio-8080"]
Nov 03, 2016 12:44:18 AM org.apache.coyote.AbstractProtocol destroy
INFO: Destroying ProtocolHandler ["ajp-bio-8009"]
Nov 03, 2016 12:44:24 AM org.apache.catalina.startup.VersionLoggerListener log
INFO: Server version:        Apache Tomcat/7.0.72
Nov 03, 2016 12:44:24 AM org.apache.catalina.startup.VersionLoggerListener log
INFO: Server built:          Sep 14 2016 12:12:26 UTC
Nov 03, 2016 12:44:24 AM org.apache.catalina.startup.VersionLoggerListener log
INFO: Server number:         7.0.72.0
Nov 03, 2016 12:44:24 AM org.apache.catalina.startup.VersionLoggerListener log
INFO: OS Name:               Linux
Nov 03, 2016 12:44:24 AM org.apache.catalina.startup.VersionLoggerListener log
INFO: OS Version:            4.4.0-45-generic
Nov 03, 2016 12:44:24 AM org.apache.catalina.startup.VersionLoggerListener log
INFO: Architecture:          amd64
Nov 03, 2016 12:44:24 AM org.apache.catalina.startup.VersionLoggerListener log
INFO: Java Home:             /usr/lib/jvm/java-8-oracle/jre
Nov 03, 2016 12:44:24 AM org.apache.catalina.startup.VersionLoggerListener log
INFO: JVM Version:           1.8.0_91-b14
Nov 03, 2016 12:44:24 AM org.apache.catalina.startup.VersionLoggerListener log
INFO: JVM Vendor:            Oracle Corporation
Nov 03, 2016 12:44:24 AM org.apache.catalina.startup.VersionLoggerListener log
INFO: CATALINA_BASE:         /opt/tomcat7
Nov 03, 2016 12:44:24 AM org.apache.catalina.startup.VersionLoggerListener log
INFO: CATALINA_HOME:         /opt/tomcat7
Nov 03, 2016 12:44:24 AM org.apache.catalina.startup.VersionLoggerListener log
INFO: Command line argument: -Djava.util.logging.config.file=/opt/tomcat7/conf/logging.properties
Nov 03, 2016 12:44:24 AM org.apache.catalina.startup.VersionLoggerListener log
INFO: Command line argument: -Djava.util.logging.manager=org.apache.juli.ClassLoaderLogManager
Nov 03, 2016 12:44:24 AM org.apache.catalina.startup.VersionLoggerListener log
INFO: Command line argument: -Djdk.tls.ephemeralDHKeySize=2048
Nov 03, 2016 12:44:24 AM org.apache.catalina.startup.VersionLoggerListener log
INFO: Command line argument: -Djava.endorsed.dirs=/opt/tomcat7/endorsed
Nov 03, 2016 12:44:24 AM org.apache.catalina.startup.VersionLoggerListener log
INFO: Command line argument: -Dcatalina.base=/opt/tomcat7
Nov 03, 2016 12:44:24 AM org.apache.catalina.startup.VersionLoggerListener log
INFO: Command line argument: -Dcatalina.home=/opt/tomcat7
Nov 03, 2016 12:44:24 AM org.apache.catalina.startup.VersionLoggerListener log
INFO: Command line argument: -Djava.io.tmpdir=/opt/tomcat7/temp
Nov 03, 2016 12:44:24 AM org.apache.catalina.core.AprLifecycleListener lifecycleEvent
INFO: The APR based Apache Tomcat Native library which allows optimal performance in production environments was not found on the java.library.path: /usr/java/packages/lib/amd64:/usr/lib64:/lib64:/lib:/usr/lib
Nov 03, 2016 12:44:24 AM org.apache.coyote.AbstractProtocol init
INFO: Initializing ProtocolHandler ["http-bio-8080"]
Nov 03, 2016 12:44:24 AM org.apache.coyote.AbstractProtocol init
INFO: Initializing ProtocolHandler ["ajp-bio-8009"]
Nov 03, 2016 12:44:24 AM org.apache.catalina.startup.Catalina load
INFO: Initialization processed in 524 ms
Nov 03, 2016 12:44:24 AM org.apache.catalina.core.StandardService startInternal
INFO: Starting service Catalina
Nov 03, 2016 12:44:24 AM org.apache.catalina.core.StandardEngine startInternal
INFO: Starting Servlet Engine: Apache Tomcat/7.0.72
Nov 03, 2016 12:44:24 AM org.apache.catalina.startup.HostConfig deployDirectory
INFO: Deploying web application directory /opt/tomcat7/webapps/ROOT
Nov 03, 2016 12:44:24 AM org.apache.catalina.startup.TldConfig execute
INFO: At least one JAR was scanned for TLDs yet contained no TLDs. Enable debug logging for this logger for a complete list of JARs that were scanned but no TLDs were found in them. Skipping unneeded JARs during scanning can improve startup time and JSP compilation time.
Nov 03, 2016 12:44:24 AM org.apache.catalina.startup.HostConfig deployDirectory
INFO: Deployment of web application directory /opt/tomcat7/webapps/ROOT has finished in 388 ms
Nov 03, 2016 12:44:24 AM org.apache.catalina.startup.HostConfig deployDirectory
INFO: Deploying web application directory /opt/tomcat7/webapps/manager
Nov 03, 2016 12:44:24 AM org.apache.catalina.startup.TldConfig execute
INFO: At least one JAR was scanned for TLDs yet contained no TLDs. Enable debug logging for this logger for a complete list of JARs that were scanned but no TLDs were found in them. Skipping unneeded JARs during scanning can improve startup time and JSP compilation time.
Nov 03, 2016 12:44:24 AM org.apache.catalina.startup.HostConfig deployDirectory
INFO: Deployment of web application directory /opt/tomcat7/webapps/manager has finished in 115 ms
Nov 03, 2016 12:44:24 AM org.apache.catalina.startup.HostConfig deployDirectory
INFO: Deploying web application directory /opt/tomcat7/webapps/SearchEngine
Nov 03, 2016 12:44:24 AM org.apache.catalina.startup.TldConfig execute
INFO: At least one JAR was scanned for TLDs yet contained no TLDs. Enable debug logging for this logger for a complete list of JARs that were scanned but no TLDs were found in them. Skipping unneeded JARs during scanning can improve startup time and JSP compilation time.
Nov 03, 2016 12:44:24 AM org.apache.catalina.startup.HostConfig deployDirectory
INFO: Deployment of web application directory /opt/tomcat7/webapps/SearchEngine has finished in 126 ms
Nov 03, 2016 12:44:24 AM org.apache.catalina.startup.HostConfig deployDirectory
INFO: Deploying web application directory /opt/tomcat7/webapps/docs
Nov 03, 2016 12:44:24 AM org.apache.catalina.startup.TldConfig execute
INFO: At least one JAR was scanned for TLDs yet contained no TLDs. Enable debug logging for this logger for a complete list of JARs that were scanned but no TLDs were found in them. Skipping unneeded JARs during scanning can improve startup time and JSP compilation time.
Nov 03, 2016 12:44:24 AM org.apache.catalina.startup.HostConfig deployDirectory
INFO: Deployment of web application directory /opt/tomcat7/webapps/docs has finished in 73 ms
Nov 03, 2016 12:44:24 AM org.apache.catalina.startup.HostConfig deployDirectory
INFO: Deploying web application directory /opt/tomcat7/webapps/examples
Nov 03, 2016 12:44:25 AM org.apache.catalina.startup.TldConfig execute
INFO: At least one JAR was scanned for TLDs yet contained no TLDs. Enable debug logging for this logger for a complete list of JARs that were scanned but no TLDs were found in them. Skipping unneeded JARs during scanning can improve startup time and JSP compilation time.
Nov 03, 2016 12:44:25 AM org.apache.catalina.startup.HostConfig deployDirectory
INFO: Deployment of web application directory /opt/tomcat7/webapps/examples has finished in 212 ms
Nov 03, 2016 12:44:25 AM org.apache.catalina.startup.HostConfig deployDirectory
INFO: Deploying web application directory /opt/tomcat7/webapps/host-manager
Nov 03, 2016 12:44:25 AM org.apache.catalina.startup.TldConfig execute
INFO: At least one JAR was scanned for TLDs yet contained no TLDs. Enable debug logging for this logger for a complete list of JARs that were scanned but no TLDs were found in them. Skipping unneeded JARs during scanning can improve startup time and JSP compilation time.
Nov 03, 2016 12:44:25 AM org.apache.catalina.startup.HostConfig deployDirectory
INFO: Deployment of web application directory /opt/tomcat7/webapps/host-manager has finished in 77 ms
Nov 03, 2016 12:44:25 AM org.apache.coyote.AbstractProtocol start
INFO: Starting ProtocolHandler ["http-bio-8080"]
Nov 03, 2016 12:44:25 AM org.apache.coyote.AbstractProtocol start
INFO: Starting ProtocolHandler ["ajp-bio-8009"]
Nov 03, 2016 12:44:25 AM org.apache.catalina.startup.Catalina start
INFO: Server startup in 1036 ms
Nov 03, 2016 12:45:43 AM org.apache.coyote.AbstractProtocol pause
INFO: Pausing ProtocolHandler ["http-bio-8080"]
Nov 03, 2016 12:45:43 AM org.apache.coyote.AbstractProtocol pause
INFO: Pausing ProtocolHandler ["ajp-bio-8009"]
Nov 03, 2016 12:45:43 AM org.apache.catalina.core.StandardService stopInternal
INFO: Stopping service Catalina
Nov 03, 2016 12:45:43 AM org.apache.coyote.AbstractProtocol stop
INFO: Stopping ProtocolHandler ["http-bio-8080"]
Nov 03, 2016 12:45:43 AM org.apache.coyote.AbstractProtocol stop
INFO: Stopping ProtocolHandler ["ajp-bio-8009"]
Nov 03, 2016 12:45:43 AM org.apache.coyote.AbstractProtocol destroy
INFO: Destroying ProtocolHandler ["http-bio-8080"]
Nov 03, 2016 12:45:43 AM org.apache.coyote.AbstractProtocol destroy
INFO: Destroying ProtocolHandler ["ajp-bio-8009"]
Nov 03, 2016 7:04:59 PM org.apache.catalina.startup.VersionLoggerListener log
INFO: Server version:        Apache Tomcat/7.0.72
Nov 03, 2016 7:04:59 PM org.apache.catalina.startup.VersionLoggerListener log
INFO: Server built:          Sep 14 2016 12:12:26 UTC
Nov 03, 2016 7:04:59 PM org.apache.catalina.startup.VersionLoggerListener log
INFO: Server number:         7.0.72.0
Nov 03, 2016 7:04:59 PM org.apache.catalina.startup.VersionLoggerListener log
INFO: OS Name:               Linux
Nov 03, 2016 7:04:59 PM org.apache.catalina.startup.VersionLoggerListener log
INFO: OS Version:            4.4.0-45-generic
Nov 03, 2016 7:04:59 PM org.apache.catalina.startup.VersionLoggerListener log
INFO: Architecture:          amd64
Nov 03, 2016 7:04:59 PM org.apache.catalina.startup.VersionLoggerListener log
INFO: Java Home:             /usr/lib/jvm/java-8-oracle/jre
Nov 03, 2016 7:04:59 PM org.apache.catalina.startup.VersionLoggerListener log
INFO: JVM Version:           1.8.0_91-b14
Nov 03, 2016 7:04:59 PM org.apache.catalina.startup.VersionLoggerListener log
INFO: JVM Vendor:            Oracle Corporation
Nov 03, 2016 7:04:59 PM org.apache.catalina.startup.VersionLoggerListener log
INFO: CATALINA_BASE:         /home/aaron/Downloads/cs390JAVA/tomcat7
Nov 03, 2016 7:04:59 PM org.apache.catalina.startup.VersionLoggerListener log
INFO: CATALINA_HOME:         /home/aaron/Downloads/cs390JAVA/tomcat7
Nov 03, 2016 7:04:59 PM org.apache.catalina.startup.VersionLoggerListener log
INFO: Command line argument: -Djava.util.logging.config.file=/home/aaron/Downloads/cs390JAVA/tomcat7/conf/logging.properties
Nov 03, 2016 7:04:59 PM org.apache.catalina.startup.VersionLoggerListener log
INFO: Command line argument: -Djava.util.logging.manager=org.apache.juli.ClassLoaderLogManager
Nov 03, 2016 7:04:59 PM org.apache.catalina.startup.VersionLoggerListener log
INFO: Command line argument: -Djdk.tls.ephemeralDHKeySize=2048
Nov 03, 2016 7:04:59 PM org.apache.catalina.startup.VersionLoggerListener log
INFO: Command line argument: -Djava.endorsed.dirs=/home/aaron/Downloads/cs390JAVA/tomcat7/endorsed
Nov 03, 2016 7:04:59 PM org.apache.catalina.startup.VersionLoggerListener log
INFO: Command line argument: -Dcatalina.base=/home/aaron/Downloads/cs390JAVA/tomcat7
Nov 03, 2016 7:04:59 PM org.apache.catalina.startup.VersionLoggerListener log
INFO: Command line argument: -Dcatalina.home=/home/aaron/Downloads/cs390JAVA/tomcat7
Nov 03, 2016 7:04:59 PM org.apache.catalina.startup.VersionLoggerListener log
INFO: Command line argument: -Djava.io.tmpdir=/home/aaron/Downloads/cs390JAVA/tomcat7/temp
Nov 03, 2016 7:04:59 PM org.apache.catalina.core.AprLifecycleListener lifecycleEvent
INFO: The APR based Apache Tomcat Native library which allows optimal performance in production environments was not found on the java.library.path: /usr/java/packages/lib/amd64:/usr/lib64:/lib64:/lib:/usr/lib
Nov 03, 2016 7:04:59 PM org.apache.coyote.AbstractProtocol init
INFO: Initializing ProtocolHandler ["http-bio-8080"]
Nov 03, 2016 7:04:59 PM org.apache.coyote.AbstractProtocol init
INFO: Initializing ProtocolHandler ["ajp-bio-8009"]
Nov 03, 2016 7:04:59 PM org.apache.catalina.startup.Catalina load
INFO: Initialization processed in 656 ms
Nov 03, 2016 7:04:59 PM org.apache.catalina.core.StandardService startInternal
INFO: Starting service Catalina
Nov 03, 2016 7:04:59 PM org.apache.catalina.core.StandardEngine startInternal
INFO: Starting Servlet Engine: Apache Tomcat/7.0.72
Nov 03, 2016 7:04:59 PM org.apache.catalina.startup.HostConfig deployDirectory
INFO: Deploying web application directory /home/aaron/Downloads/cs390JAVA/tomcat7/webapps/ROOT
Nov 03, 2016 7:05:00 PM org.apache.catalina.startup.TldConfig execute
INFO: At least one JAR was scanned for TLDs yet contained no TLDs. Enable debug logging for this logger for a complete list of JARs that were scanned but no TLDs were found in them. Skipping unneeded JARs during scanning can improve startup time and JSP compilation time.
Nov 03, 2016 7:05:00 PM org.apache.catalina.startup.HostConfig deployDirectory
INFO: Deployment of web application directory /home/aaron/Downloads/cs390JAVA/tomcat7/webapps/ROOT has finished in 432 ms
Nov 03, 2016 7:05:00 PM org.apache.catalina.startup.HostConfig deployDirectory
INFO: Deploying web application directory /home/aaron/Downloads/cs390JAVA/tomcat7/webapps/manager
Nov 03, 2016 7:05:00 PM org.apache.catalina.startup.TldConfig execute
INFO: At least one JAR was scanned for TLDs yet contained no TLDs. Enable debug logging for this logger for a complete list of JARs that were scanned but no TLDs were found in them. Skipping unneeded JARs during scanning can improve startup time and JSP compilation time.
Nov 03, 2016 7:05:00 PM org.apache.catalina.startup.HostConfig deployDirectory
INFO: Deployment of web application directory /home/aaron/Downloads/cs390JAVA/tomcat7/webapps/manager has finished in 134 ms
Nov 03, 2016 7:05:00 PM org.apache.catalina.startup.HostConfig deployDirectory
INFO: Deploying web application directory /home/aaron/Downloads/cs390JAVA/tomcat7/webapps/SearchEngine
Nov 03, 2016 7:05:00 PM org.apache.catalina.startup.TldConfig execute
INFO: At least one JAR was scanned for TLDs yet contained no TLDs. Enable debug logging for this logger for a complete list of JARs that were scanned but no TLDs were found in them. Skipping unneeded JARs during scanning can improve startup time and JSP compilation time.
Nov 03, 2016 7:05:00 PM org.apache.catalina.startup.HostConfig deployDirectory
INFO: Deployment of web application directory /home/aaron/Downloads/cs390JAVA/tomcat7/webapps/SearchEngine has finished in 144 ms
Nov 03, 2016 7:05:00 PM org.apache.catalina.startup.HostConfig deployDirectory
INFO: Deploying web application directory /home/aaron/Downloads/cs390JAVA/tomcat7/webapps/docs
Nov 03, 2016 7:05:00 PM org.apache.catalina.startup.TldConfig execute
INFO: At least one JAR was scanned for TLDs yet contained no TLDs. Enable debug logging for this logger for a complete list of JARs that were scanned but no TLDs were found in them. Skipping unneeded JARs during scanning can improve startup time and JSP compilation time.
Nov 03, 2016 7:05:00 PM org.apache.catalina.startup.HostConfig deployDirectory
INFO: Deployment of web application directory /home/aaron/Downloads/cs390JAVA/tomcat7/webapps/docs has finished in 94 ms
Nov 03, 2016 7:05:00 PM org.apache.catalina.startup.HostConfig deployDirectory
INFO: Deploying web application directory /home/aaron/Downloads/cs390JAVA/tomcat7/webapps/examples
Nov 03, 2016 7:05:00 PM org.apache.catalina.startup.TldConfig execute
INFO: At least one JAR was scanned for TLDs yet contained no TLDs. Enable debug logging for this logger for a complete list of JARs that were scanned but no TLDs were found in them. Skipping unneeded JARs during scanning can improve startup time and JSP compilation time.
Nov 03, 2016 7:05:00 PM org.apache.catalina.startup.HostConfig deployDirectory
INFO: Deployment of web application directory /home/aaron/Downloads/cs390JAVA/tomcat7/webapps/examples has finished in 312 ms
Nov 03, 2016 7:05:00 PM org.apache.catalina.startup.HostConfig deployDirectory
INFO: Deploying web application directory /home/aaron/Downloads/cs390JAVA/tomcat7/webapps/host-manager
Nov 03, 2016 7:05:00 PM org.apache.catalina.startup.TldConfig execute
INFO: At least one JAR was scanned for TLDs yet contained no TLDs. Enable debug logging for this logger for a complete list of JARs that were scanned but no TLDs were found in them. Skipping unneeded JARs during scanning can improve startup time and JSP compilation time.
Nov 03, 2016 7:05:00 PM org.apache.catalina.startup.HostConfig deployDirectory
INFO: Deployment of web application directory /home/aaron/Downloads/cs390JAVA/tomcat7/webapps/host-manager has finished in 96 ms
Nov 03, 2016 7:05:00 PM org.apache.coyote.AbstractProtocol start
INFO: Starting ProtocolHandler ["http-bio-8080"]
Nov 03, 2016 7:05:00 PM org.apache.coyote.AbstractProtocol start
INFO: Starting ProtocolHandler ["ajp-bio-8009"]
Nov 03, 2016 7:05:01 PM org.apache.catalina.startup.Catalina start
INFO: Server startup in 1261 ms
Nov 03, 2016 8:03:41 PM org.apache.catalina.core.StandardContext reload
INFO: Reloading Context with name [/SearchEngine] has started
Nov 03, 2016 8:03:41 PM org.apache.catalina.startup.TldConfig execute
INFO: At least one JAR was scanned for TLDs yet contained no TLDs. Enable debug logging for this logger for a complete list of JARs that were scanned but no TLDs were found in them. Skipping unneeded JARs during scanning can improve startup time and JSP compilation time.
Nov 03, 2016 8:03:41 PM org.apache.catalina.core.StandardContext reload
INFO: Reloading Context with name [/SearchEngine] is completed
Nov 03, 2016 9:12:22 PM org.apache.catalina.core.StandardContext reload
INFO: Reloading Context with name [/SearchEngine] has started
Nov 03, 2016 9:12:22 PM org.apache.catalina.startup.TldConfig execute
INFO: At least one JAR was scanned for TLDs yet contained no TLDs. Enable debug logging for this logger for a complete list of JARs that were scanned but no TLDs were found in them. Skipping unneeded JARs during scanning can improve startup time and JSP compilation time.
Nov 03, 2016 9:12:22 PM org.apache.catalina.core.StandardContext reload
INFO: Reloading Context with name [/SearchEngine] is completed
