Nov 03, 2016 12:17:32 AM org.apache.catalina.core.ApplicationContext log
INFO: ContextListener: contextInitialized()
Nov 03, 2016 12:17:32 AM org.apache.catalina.core.ApplicationContext log
INFO: SessionListener: contextInitialized()
Nov 03, 2016 12:17:32 AM org.apache.catalina.core.ApplicationContext log
INFO: ContextListener: attributeAdded('org.apache.jasper.compiler.TldLocationsCache', 'org.apache.jasper.compiler.TldLocationsCache@479503c')
Nov 03, 2016 12:17:32 AM org.apache.catalina.core.ApplicationContext log
INFO: SessionListener: contextDestroyed()
Nov 03, 2016 12:17:32 AM org.apache.catalina.core.ApplicationContext log
INFO: ContextListener: contextDestroyed()
Nov 03, 2016 12:17:37 AM org.apache.catalina.core.ApplicationContext log
INFO: SessionListener: contextDestroyed()
Nov 03, 2016 12:17:37 AM org.apache.catalina.core.ApplicationContext log
INFO: ContextListener: contextDestroyed()
Nov 03, 2016 12:17:40 AM org.apache.catalina.core.ApplicationContext log
INFO: ContextListener: contextInitialized()
Nov 03, 2016 12:17:40 AM org.apache.catalina.core.ApplicationContext log
INFO: SessionListener: contextInitialized()
Nov 03, 2016 12:17:40 AM org.apache.catalina.core.ApplicationContext log
INFO: ContextListener: attributeAdded('org.apache.jasper.compiler.TldLocationsCache', 'org.apache.jasper.compiler.TldLocationsCache@144081a5')
Nov 03, 2016 12:44:18 AM org.apache.catalina.core.ApplicationContext log
INFO: SessionListener: contextDestroyed()
Nov 03, 2016 12:44:18 AM org.apache.catalina.core.ApplicationContext log
INFO: ContextListener: contextDestroyed()
Nov 03, 2016 12:44:25 AM org.apache.catalina.core.ApplicationContext log
INFO: ContextListener: contextInitialized()
Nov 03, 2016 12:44:25 AM org.apache.catalina.core.ApplicationContext log
INFO: SessionListener: contextInitialized()
Nov 03, 2016 12:44:25 AM org.apache.catalina.core.ApplicationContext log
INFO: ContextListener: attributeAdded('org.apache.jasper.compiler.TldLocationsCache', 'org.apache.jasper.compiler.TldLocationsCache@2ed4ad47')
Nov 03, 2016 12:45:43 AM org.apache.catalina.core.ApplicationContext log
INFO: SessionListener: contextDestroyed()
Nov 03, 2016 12:45:43 AM org.apache.catalina.core.ApplicationContext log
INFO: ContextListener: contextDestroyed()
Nov 03, 2016 7:05:00 PM org.apache.catalina.core.ApplicationContext log
INFO: ContextListener: contextInitialized()
Nov 03, 2016 7:05:00 PM org.apache.catalina.core.ApplicationContext log
INFO: SessionListener: contextInitialized()
Nov 03, 2016 7:05:00 PM org.apache.catalina.core.ApplicationContext log
INFO: ContextListener: attributeAdded('org.apache.jasper.compiler.TldLocationsCache', 'org.apache.jasper.compiler.TldLocationsCache@507b8bc0')
